2025-03-24 23:18:36.580 [background-preinit] INFO  o.h.v.i.util.Version - [<clinit>,21] - HV000001: Hibernate Validator 6.2.5.Final
2025-03-24 23:18:36.597 [com.nnroad.NNRoadApplication.main()] INFO  c.n.NNRoadApplication - [logStarting,55] - Starting NNRoadApplication using Java 1.8.0_442 on 10-21-204-55.dynapool.wireless.nyu.edu with PID 31789 (/Users/guo/hronesh-abp/hronesh-admin/target/classes started by guo in /Users/guo/hronesh-abp/hronesh-admin)
2025-03-24 23:18:36.610 [com.nnroad.NNRoadApplication.main()] INFO  c.n.NNRoadApplication - [logStartupProfileInfo,686] - The following 1 profile is active: "dev"
2025-03-24 23:18:41.355 [com.nnroad.NNRoadApplication.main()] INFO  c.u.j.c.EnableEncryptablePropertiesBeanFactoryPostProcessor - [postProcessBeanFactory,39] - Post-processing PropertySource instances
2025-03-24 23:18:41.406 [com.nnroad.NNRoadApplication.main()] INFO  c.u.j.EncryptablePropertySourceConverter - [makeEncryptable,56] - Converting PropertySource configurationProperties [org.springframework.boot.context.properties.source.ConfigurationPropertySourcesPropertySource] to AOP Proxy
2025-03-24 23:18:41.408 [com.nnroad.NNRoadApplication.main()] INFO  c.u.j.EncryptablePropertySourceConverter - [makeEncryptable,56] - Converting PropertySource servletConfigInitParams [org.springframework.core.env.PropertySource$StubPropertySource] to EncryptablePropertySourceWrapper
2025-03-24 23:18:41.408 [com.nnroad.NNRoadApplication.main()] INFO  c.u.j.EncryptablePropertySourceConverter - [makeEncryptable,56] - Converting PropertySource servletContextInitParams [org.springframework.core.env.PropertySource$StubPropertySource] to EncryptablePropertySourceWrapper
2025-03-24 23:18:41.408 [com.nnroad.NNRoadApplication.main()] INFO  c.u.j.EncryptablePropertySourceConverter - [makeEncryptable,56] - Converting PropertySource systemProperties [org.springframework.core.env.PropertiesPropertySource] to EncryptableMapPropertySourceWrapper
2025-03-24 23:18:41.408 [com.nnroad.NNRoadApplication.main()] INFO  c.u.j.EncryptablePropertySourceConverter - [makeEncryptable,56] - Converting PropertySource systemEnvironment [org.springframework.boot.env.SystemEnvironmentPropertySourceEnvironmentPostProcessor$OriginAwareSystemEnvironmentPropertySource] to EncryptableSystemEnvironmentPropertySourceWrapper
2025-03-24 23:18:41.408 [com.nnroad.NNRoadApplication.main()] INFO  c.u.j.EncryptablePropertySourceConverter - [makeEncryptable,56] - Converting PropertySource random [org.springframework.boot.env.RandomValuePropertySource] to EncryptablePropertySourceWrapper
2025-03-24 23:18:41.409 [com.nnroad.NNRoadApplication.main()] INFO  c.u.j.EncryptablePropertySourceConverter - [makeEncryptable,56] - Converting PropertySource Config resource 'class path resource [application-dev.yml]' via location 'optional:classpath:/' [org.springframework.boot.env.OriginTrackedMapPropertySource] to EncryptableMapPropertySourceWrapper
2025-03-24 23:18:41.409 [com.nnroad.NNRoadApplication.main()] INFO  c.u.j.EncryptablePropertySourceConverter - [makeEncryptable,56] - Converting PropertySource Config resource 'class path resource [application.yml]' via location 'optional:classpath:/' [org.springframework.boot.env.OriginTrackedMapPropertySource] to EncryptableMapPropertySourceWrapper
2025-03-24 23:18:41.409 [com.nnroad.NNRoadApplication.main()] INFO  c.u.j.EncryptablePropertySourceConverter - [makeEncryptable,56] - Converting PropertySource class path resource [generator.yml] [org.springframework.core.io.support.ResourcePropertySource] to EncryptableMapPropertySourceWrapper
2025-03-24 23:18:41.580 [com.nnroad.NNRoadApplication.main()] INFO  c.u.j.f.DefaultLazyPropertyFilter - [lambda$null$2,31] - Property Filter custom Bean not found with name 'encryptablePropertyFilter'. Initializing Default Property Filter
2025-03-24 23:18:43.198 [com.nnroad.NNRoadApplication.main()] INFO  c.u.j.r.DefaultLazyPropertyResolver - [lambda$null$2,35] - Property Resolver custom Bean not found with name 'encryptablePropertyResolver'. Initializing Default Property Resolver
2025-03-24 23:18:43.210 [com.nnroad.NNRoadApplication.main()] INFO  c.u.j.d.DefaultLazyPropertyDetector - [lambda$null$2,35] - Property Detector custom Bean not found with name 'encryptablePropertyDetector'. Initializing Default Property Detector
2025-03-24 23:18:45.109 [com.nnroad.NNRoadApplication.main()] INFO  o.a.c.h.Http11NioProtocol - [log,173] - Initializing ProtocolHandler ["http-nio-8080"]
2025-03-24 23:18:45.113 [com.nnroad.NNRoadApplication.main()] INFO  o.a.c.c.StandardService - [log,173] - Starting service [Tomcat]
2025-03-24 23:18:45.114 [com.nnroad.NNRoadApplication.main()] INFO  o.a.c.c.StandardEngine - [log,173] - Starting Servlet engine: [Apache Tomcat/9.0.75]
2025-03-24 23:18:45.376 [com.nnroad.NNRoadApplication.main()] INFO  o.a.c.c.C.[.[.[/client] - [log,173] - Initializing Spring embedded WebApplicationContext
2025-03-24 23:18:50.527 [com.nnroad.NNRoadApplication.main()] INFO  c.a.d.p.DruidDataSource - [init,1002] - {dataSource-1} inited
2025-03-24 23:18:57.830 [com.nnroad.NNRoadApplication.main()] INFO  c.a.c.i.ReflectionUtilsMethodHandle - [performDeferredLogging,569] - Unable to create MethodHandles to use Java 9+ MethodHandles.privateLookupIn. Will attempt to fallback to using the package-private constructor.
2025-03-24 23:19:02.557 [com.nnroad.NNRoadApplication.main()] INFO  o.q.i.StdSchedulerFactory - [instantiate,1220] - Using default implementation for ThreadExecutor
2025-03-24 23:19:02.576 [com.nnroad.NNRoadApplication.main()] INFO  o.q.c.SchedulerSignalerImpl - [<init>,61] - Initialized Scheduler Signaller of type: class org.quartz.core.SchedulerSignalerImpl
2025-03-24 23:19:02.576 [com.nnroad.NNRoadApplication.main()] INFO  o.q.c.QuartzScheduler - [<init>,229] - Quartz Scheduler v.2.3.2 created.
2025-03-24 23:19:02.577 [com.nnroad.NNRoadApplication.main()] INFO  o.q.s.RAMJobStore - [initialize,155] - RAMJobStore initialized.
2025-03-24 23:19:02.579 [com.nnroad.NNRoadApplication.main()] INFO  o.q.c.QuartzScheduler - [initialize,294] - Scheduler meta-data: Quartz Scheduler (v2.3.2) 'quartzScheduler' with instanceId 'NON_CLUSTERED'
  Scheduler class: 'org.quartz.core.QuartzScheduler' - running locally.
  NOT STARTED.
  Currently in standby mode.
  Number of jobs executed: 0
  Using thread pool 'org.quartz.simpl.SimpleThreadPool' - with 10 threads.
  Using job-store 'org.quartz.simpl.RAMJobStore' - which does not support persistence. and is not clustered.

2025-03-24 23:19:02.580 [com.nnroad.NNRoadApplication.main()] INFO  o.q.i.StdSchedulerFactory - [instantiate,1374] - Quartz scheduler 'quartzScheduler' initialized from an externally provided properties instance.
2025-03-24 23:19:02.580 [com.nnroad.NNRoadApplication.main()] INFO  o.q.i.StdSchedulerFactory - [instantiate,1378] - Quartz scheduler version: 2.3.2
2025-03-24 23:19:02.580 [com.nnroad.NNRoadApplication.main()] INFO  o.q.c.QuartzScheduler - [setJobFactory,2293] - JobFactory set to: org.springframework.scheduling.quartz.SpringBeanJobFactory@75a511cc
2025-03-24 23:19:09.640 [com.nnroad.NNRoadApplication.main()] INFO  o.a.c.h.Http11NioProtocol - [log,173] - Starting ProtocolHandler ["http-nio-8080"]
2025-03-24 23:19:17.089 [http-nio-8080-exec-2] INFO  o.a.c.c.C.[.[.[/client] - [log,173] - Initializing Spring DispatcherServlet 'dispatcherServlet'
2025-03-24 23:20:12.165 [schedule-pool-1] INFO  sys-user - [run,57] - [127.0.0.1]内网IP[admin][Error][验证码错误]
2025-03-24 23:20:14.318 [schedule-pool-1] INFO  sys-user - [run,57] - [127.0.0.1]内网IP[admin][Error][验证码错误]
2025-03-24 23:20:21.271 [schedule-pool-2] INFO  sys-user - [run,57] - [127.0.0.1]内网IP[admin][Error][验证码错误]
2025-03-24 23:20:27.939 [schedule-pool-1] INFO  sys-user - [run,57] - [127.0.0.1]内网IP[admin][Success][登录成功]
2025-03-24 23:22:12.499 [com.nnroad.NNRoadApplication.main()] INFO  o.q.c.QuartzScheduler - [start,547] - Scheduler quartzScheduler_$_NON_CLUSTERED started.
2025-03-24 23:22:12.684 [com.nnroad.NNRoadApplication.main()] INFO  c.n.NNRoadApplication - [logStarted,61] - Started NNRoadApplication in 217.126 seconds (JVM running for 226.291)
