2025-03-29 00:00:22.214 [com.nnroad.NNRoadApplication.main()] INFO  c.n.NNRoadApplication - [logStarting,55] - Starting NNRoadApplication using Java 1.8.0_442 on 10-21-204-55.dynapool.wireless.nyu.edu with PID 90570 (/Users/guo/contract_backend/hronesh-admin/target/classes started by guo in /Users/guo/contract_backend/hronesh-admin)
2025-03-29 00:00:22.194 [background-preinit] INFO  o.h.v.i.util.Version - [<clinit>,21] - HV000001: Hibernate Validator 6.2.5.Final
2025-03-29 00:00:22.234 [com.nnroad.NNRoadApplication.main()] INFO  c.n.NNRoadApplication - [logStartupProfileInfo,686] - The following 1 profile is active: "dev"
2025-03-29 00:23:26.666 [com.nnroad.NNRoadApplication.main()] INFO  c.n.NNRoadApplication - [logStarting,55] - Starting NNRoadApplication using Java 1.8.0_442 on 10-21-204-55.dynapool.wireless.nyu.edu with PID 32259 (/Users/guo/contract_backend/hronesh-admin/target/classes started by guo in /Users/guo/contract_backend/hronesh-admin)
2025-03-29 00:23:26.666 [background-preinit] INFO  o.h.v.i.util.Version - [<clinit>,21] - HV000001: Hibernate Validator 6.2.5.Final
2025-03-29 00:23:26.675 [com.nnroad.NNRoadApplication.main()] INFO  c.n.NNRoadApplication - [logStartupProfileInfo,686] - The following 1 profile is active: "dev"
2025-03-29 00:40:53.481 [background-preinit] INFO  o.h.v.i.util.Version - [<clinit>,21] - HV000001: Hibernate Validator 6.2.5.Final
2025-03-29 00:40:53.502 [com.nnroad.NNRoadApplication.main()] INFO  c.n.NNRoadApplication - [logStarting,55] - Starting NNRoadApplication using Java 1.8.0_442 on 10-21-204-55.dynapool.wireless.nyu.edu with PID 64066 (/Users/guo/contract_backend/hronesh-admin/target/classes started by guo in /Users/guo/contract_backend/hronesh-admin)
2025-03-29 00:40:53.509 [com.nnroad.NNRoadApplication.main()] INFO  c.n.NNRoadApplication - [logStartupProfileInfo,686] - The following 1 profile is active: "dev"
2025-03-29 00:43:52.590 [background-preinit] INFO  o.h.v.i.util.Version - [<clinit>,21] - HV000001: Hibernate Validator 6.2.5.Final
2025-03-29 00:43:52.617 [com.nnroad.NNRoadApplication.main()] INFO  c.n.NNRoadApplication - [logStarting,55] - Starting NNRoadApplication using Java 1.8.0_442 on 10-21-204-55.dynapool.wireless.nyu.edu with PID 68624 (/Users/guo/contract_backend/hronesh-admin/target/classes started by guo in /Users/guo/contract_backend/hronesh-admin)
2025-03-29 00:43:52.625 [com.nnroad.NNRoadApplication.main()] INFO  c.n.NNRoadApplication - [logStartupProfileInfo,686] - The following 1 profile is active: "dev"
2025-03-29 00:47:49.704 [background-preinit] INFO  o.h.v.i.util.Version - [<clinit>,21] - HV000001: Hibernate Validator 6.2.5.Final
2025-03-29 00:47:49.722 [com.nnroad.NNRoadApplication.main()] INFO  c.n.NNRoadApplication - [logStarting,55] - Starting NNRoadApplication using Java 1.8.0_442 on 10-21-204-55.dynapool.wireless.nyu.edu with PID 74806 (/Users/guo/contract_backend/hronesh-admin/target/classes started by guo in /Users/guo/contract_backend/hronesh-admin)
2025-03-29 00:47:49.727 [com.nnroad.NNRoadApplication.main()] INFO  c.n.NNRoadApplication - [logStartupProfileInfo,686] - The following 1 profile is active: "dev"
2025-03-29 00:51:33.283 [background-preinit] INFO  o.h.v.i.util.Version - [<clinit>,21] - HV000001: Hibernate Validator 6.2.5.Final
2025-03-29 00:51:33.290 [com.nnroad.NNRoadApplication.main()] INFO  c.n.NNRoadApplication - [logStarting,55] - Starting NNRoadApplication using Java 1.8.0_442 on 10-21-204-55.dynapool.wireless.nyu.edu with PID 80590 (/Users/guo/contract_backend/hronesh-admin/target/classes started by guo in /Users/guo/contract_backend/hronesh-admin)
2025-03-29 00:51:33.304 [com.nnroad.NNRoadApplication.main()] INFO  c.n.NNRoadApplication - [logStartupProfileInfo,686] - The following 1 profile is active: "dev"
2025-03-29 00:59:50.303 [background-preinit] INFO  o.h.v.i.util.Version - [<clinit>,21] - HV000001: Hibernate Validator 6.2.5.Final
2025-03-29 00:59:50.315 [com.nnroad.NNRoadApplication.main()] INFO  c.n.NNRoadApplication - [logStarting,55] - Starting NNRoadApplication using Java 1.8.0_442 on 10-21-204-55.dynapool.wireless.nyu.edu with PID 93545 (/Users/guo/contract_backend/hronesh-admin/target/classes started by guo in /Users/guo/contract_backend/hronesh-admin)
2025-03-29 00:59:50.321 [com.nnroad.NNRoadApplication.main()] INFO  c.n.NNRoadApplication - [logStartupProfileInfo,686] - The following 1 profile is active: "dev"
2025-03-29 00:59:55.303 [com.nnroad.NNRoadApplication.main()] INFO  c.u.j.c.EnableEncryptablePropertiesBeanFactoryPostProcessor - [postProcessBeanFactory,39] - Post-processing PropertySource instances
2025-03-29 00:59:55.359 [com.nnroad.NNRoadApplication.main()] INFO  c.u.j.EncryptablePropertySourceConverter - [makeEncryptable,56] - Converting PropertySource configurationProperties [org.springframework.boot.context.properties.source.ConfigurationPropertySourcesPropertySource] to AOP Proxy
2025-03-29 00:59:55.361 [com.nnroad.NNRoadApplication.main()] INFO  c.u.j.EncryptablePropertySourceConverter - [makeEncryptable,56] - Converting PropertySource servletConfigInitParams [org.springframework.core.env.PropertySource$StubPropertySource] to EncryptablePropertySourceWrapper
2025-03-29 00:59:55.361 [com.nnroad.NNRoadApplication.main()] INFO  c.u.j.EncryptablePropertySourceConverter - [makeEncryptable,56] - Converting PropertySource servletContextInitParams [org.springframework.core.env.PropertySource$StubPropertySource] to EncryptablePropertySourceWrapper
2025-03-29 00:59:55.362 [com.nnroad.NNRoadApplication.main()] INFO  c.u.j.EncryptablePropertySourceConverter - [makeEncryptable,56] - Converting PropertySource systemProperties [org.springframework.core.env.PropertiesPropertySource] to EncryptableMapPropertySourceWrapper
2025-03-29 00:59:55.362 [com.nnroad.NNRoadApplication.main()] INFO  c.u.j.EncryptablePropertySourceConverter - [makeEncryptable,56] - Converting PropertySource systemEnvironment [org.springframework.boot.env.SystemEnvironmentPropertySourceEnvironmentPostProcessor$OriginAwareSystemEnvironmentPropertySource] to EncryptableSystemEnvironmentPropertySourceWrapper
2025-03-29 00:59:55.362 [com.nnroad.NNRoadApplication.main()] INFO  c.u.j.EncryptablePropertySourceConverter - [makeEncryptable,56] - Converting PropertySource random [org.springframework.boot.env.RandomValuePropertySource] to EncryptablePropertySourceWrapper
2025-03-29 00:59:55.362 [com.nnroad.NNRoadApplication.main()] INFO  c.u.j.EncryptablePropertySourceConverter - [makeEncryptable,56] - Converting PropertySource Config resource 'class path resource [application-dev.yml]' via location 'optional:classpath:/' [org.springframework.boot.env.OriginTrackedMapPropertySource] to EncryptableMapPropertySourceWrapper
2025-03-29 00:59:55.363 [com.nnroad.NNRoadApplication.main()] INFO  c.u.j.EncryptablePropertySourceConverter - [makeEncryptable,56] - Converting PropertySource Config resource 'class path resource [application.yml]' via location 'optional:classpath:/' [org.springframework.boot.env.OriginTrackedMapPropertySource] to EncryptableMapPropertySourceWrapper
2025-03-29 00:59:55.363 [com.nnroad.NNRoadApplication.main()] INFO  c.u.j.EncryptablePropertySourceConverter - [makeEncryptable,56] - Converting PropertySource class path resource [generator.yml] [org.springframework.core.io.support.ResourcePropertySource] to EncryptableMapPropertySourceWrapper
2025-03-29 00:59:55.553 [com.nnroad.NNRoadApplication.main()] INFO  c.u.j.f.DefaultLazyPropertyFilter - [lambda$null$2,31] - Property Filter custom Bean not found with name 'encryptablePropertyFilter'. Initializing Default Property Filter
2025-03-29 00:59:57.202 [com.nnroad.NNRoadApplication.main()] INFO  c.u.j.r.DefaultLazyPropertyResolver - [lambda$null$2,35] - Property Resolver custom Bean not found with name 'encryptablePropertyResolver'. Initializing Default Property Resolver
2025-03-29 00:59:57.209 [com.nnroad.NNRoadApplication.main()] INFO  c.u.j.d.DefaultLazyPropertyDetector - [lambda$null$2,35] - Property Detector custom Bean not found with name 'encryptablePropertyDetector'. Initializing Default Property Detector
2025-03-29 00:59:58.278 [com.nnroad.NNRoadApplication.main()] INFO  o.a.c.h.Http11NioProtocol - [log,173] - Initializing ProtocolHandler ["http-nio-8080"]
2025-03-29 00:59:58.279 [com.nnroad.NNRoadApplication.main()] INFO  o.a.c.c.StandardService - [log,173] - Starting service [Tomcat]
2025-03-29 00:59:58.280 [com.nnroad.NNRoadApplication.main()] INFO  o.a.c.c.StandardEngine - [log,173] - Starting Servlet engine: [Apache Tomcat/9.0.75]
2025-03-29 00:59:58.664 [com.nnroad.NNRoadApplication.main()] INFO  o.a.c.c.C.[.[.[/client] - [log,173] - Initializing Spring embedded WebApplicationContext
2025-03-29 01:00:02.955 [com.nnroad.NNRoadApplication.main()] INFO  c.a.d.p.DruidDataSource - [init,1002] - {dataSource-1} inited
2025-03-29 01:00:03.581 [com.nnroad.NNRoadApplication.main()] INFO  c.a.d.p.DruidDataSource - [close,2204] - {dataSource-1} closing ...
2025-03-29 01:00:03.598 [com.nnroad.NNRoadApplication.main()] INFO  c.a.d.p.DruidDataSource - [close,2277] - {dataSource-1} closed
2025-03-29 01:00:03.606 [com.nnroad.NNRoadApplication.main()] INFO  o.a.c.c.StandardService - [log,173] - Stopping service [Tomcat]
2025-03-29 01:03:46.355 [com.nnroad.NNRoadApplication.main()] INFO  c.n.NNRoadApplication - [logStarting,55] - Starting NNRoadApplication using Java 1.8.0_442 on 10-21-204-55.dynapool.wireless.nyu.edu with PID 99789 (/Users/guo/contract_backend/hronesh-admin/target/classes started by guo in /Users/guo/contract_backend/hronesh-admin)
2025-03-29 01:03:46.347 [background-preinit] INFO  o.h.v.i.util.Version - [<clinit>,21] - HV000001: Hibernate Validator 6.2.5.Final
2025-03-29 01:03:46.363 [com.nnroad.NNRoadApplication.main()] INFO  c.n.NNRoadApplication - [logStartupProfileInfo,686] - The following 1 profile is active: "dev"
2025-03-29 01:03:51.252 [com.nnroad.NNRoadApplication.main()] INFO  c.u.j.c.EnableEncryptablePropertiesBeanFactoryPostProcessor - [postProcessBeanFactory,39] - Post-processing PropertySource instances
2025-03-29 01:03:51.334 [com.nnroad.NNRoadApplication.main()] INFO  c.u.j.EncryptablePropertySourceConverter - [makeEncryptable,56] - Converting PropertySource configurationProperties [org.springframework.boot.context.properties.source.ConfigurationPropertySourcesPropertySource] to AOP Proxy
2025-03-29 01:03:51.339 [com.nnroad.NNRoadApplication.main()] INFO  c.u.j.EncryptablePropertySourceConverter - [makeEncryptable,56] - Converting PropertySource servletConfigInitParams [org.springframework.core.env.PropertySource$StubPropertySource] to EncryptablePropertySourceWrapper
2025-03-29 01:03:51.339 [com.nnroad.NNRoadApplication.main()] INFO  c.u.j.EncryptablePropertySourceConverter - [makeEncryptable,56] - Converting PropertySource servletContextInitParams [org.springframework.core.env.PropertySource$StubPropertySource] to EncryptablePropertySourceWrapper
2025-03-29 01:03:51.340 [com.nnroad.NNRoadApplication.main()] INFO  c.u.j.EncryptablePropertySourceConverter - [makeEncryptable,56] - Converting PropertySource systemProperties [org.springframework.core.env.PropertiesPropertySource] to EncryptableMapPropertySourceWrapper
2025-03-29 01:03:51.340 [com.nnroad.NNRoadApplication.main()] INFO  c.u.j.EncryptablePropertySourceConverter - [makeEncryptable,56] - Converting PropertySource systemEnvironment [org.springframework.boot.env.SystemEnvironmentPropertySourceEnvironmentPostProcessor$OriginAwareSystemEnvironmentPropertySource] to EncryptableSystemEnvironmentPropertySourceWrapper
2025-03-29 01:03:51.340 [com.nnroad.NNRoadApplication.main()] INFO  c.u.j.EncryptablePropertySourceConverter - [makeEncryptable,56] - Converting PropertySource random [org.springframework.boot.env.RandomValuePropertySource] to EncryptablePropertySourceWrapper
2025-03-29 01:03:51.340 [com.nnroad.NNRoadApplication.main()] INFO  c.u.j.EncryptablePropertySourceConverter - [makeEncryptable,56] - Converting PropertySource Config resource 'class path resource [application-dev.yml]' via location 'optional:classpath:/' [org.springframework.boot.env.OriginTrackedMapPropertySource] to EncryptableMapPropertySourceWrapper
2025-03-29 01:03:51.341 [com.nnroad.NNRoadApplication.main()] INFO  c.u.j.EncryptablePropertySourceConverter - [makeEncryptable,56] - Converting PropertySource Config resource 'class path resource [application.yml]' via location 'optional:classpath:/' [org.springframework.boot.env.OriginTrackedMapPropertySource] to EncryptableMapPropertySourceWrapper
2025-03-29 01:03:51.341 [com.nnroad.NNRoadApplication.main()] INFO  c.u.j.EncryptablePropertySourceConverter - [makeEncryptable,56] - Converting PropertySource class path resource [generator.yml] [org.springframework.core.io.support.ResourcePropertySource] to EncryptableMapPropertySourceWrapper
2025-03-29 01:03:51.558 [com.nnroad.NNRoadApplication.main()] INFO  c.u.j.f.DefaultLazyPropertyFilter - [lambda$null$2,31] - Property Filter custom Bean not found with name 'encryptablePropertyFilter'. Initializing Default Property Filter
2025-03-29 01:03:52.834 [com.nnroad.NNRoadApplication.main()] INFO  c.u.j.r.DefaultLazyPropertyResolver - [lambda$null$2,35] - Property Resolver custom Bean not found with name 'encryptablePropertyResolver'. Initializing Default Property Resolver
2025-03-29 01:03:52.842 [com.nnroad.NNRoadApplication.main()] INFO  c.u.j.d.DefaultLazyPropertyDetector - [lambda$null$2,35] - Property Detector custom Bean not found with name 'encryptablePropertyDetector'. Initializing Default Property Detector
2025-03-29 01:03:53.893 [com.nnroad.NNRoadApplication.main()] INFO  o.a.c.h.Http11NioProtocol - [log,173] - Initializing ProtocolHandler ["http-nio-8080"]
2025-03-29 01:03:53.894 [com.nnroad.NNRoadApplication.main()] INFO  o.a.c.c.StandardService - [log,173] - Starting service [Tomcat]
2025-03-29 01:03:53.895 [com.nnroad.NNRoadApplication.main()] INFO  o.a.c.c.StandardEngine - [log,173] - Starting Servlet engine: [Apache Tomcat/9.0.75]
2025-03-29 01:03:54.166 [com.nnroad.NNRoadApplication.main()] INFO  o.a.c.c.C.[.[.[/client] - [log,173] - Initializing Spring embedded WebApplicationContext
2025-03-29 01:03:58.222 [com.nnroad.NNRoadApplication.main()] INFO  c.a.d.p.DruidDataSource - [init,1002] - {dataSource-1} inited
2025-03-29 01:04:02.577 [com.nnroad.NNRoadApplication.main()] INFO  c.a.d.p.DruidDataSource - [close,2204] - {dataSource-1} closing ...
2025-03-29 01:04:02.602 [com.nnroad.NNRoadApplication.main()] INFO  c.a.d.p.DruidDataSource - [close,2277] - {dataSource-1} closed
2025-03-29 01:04:02.614 [com.nnroad.NNRoadApplication.main()] INFO  o.a.c.c.StandardService - [log,173] - Stopping service [Tomcat]
2025-03-29 03:13:35.707 [background-preinit] INFO  o.h.v.i.util.Version - [<clinit>,21] - HV000001: Hibernate Validator 6.2.5.Final
2025-03-29 03:13:35.728 [com.nnroad.NNRoadApplication.main()] INFO  c.n.NNRoadApplication - [logStarting,55] - Starting NNRoadApplication using Java 1.8.0_442 on 10-21-204-55.dynapool.wireless.nyu.edu with PID 2231 (/Users/guo/contract_backend/hronesh-admin/target/classes started by guo in /Users/guo/contract_backend/hronesh-admin)
2025-03-29 03:13:35.734 [com.nnroad.NNRoadApplication.main()] INFO  c.n.NNRoadApplication - [logStartupProfileInfo,686] - The following 1 profile is active: "dev"
2025-03-29 03:13:40.483 [com.nnroad.NNRoadApplication.main()] INFO  c.u.j.c.EnableEncryptablePropertiesBeanFactoryPostProcessor - [postProcessBeanFactory,39] - Post-processing PropertySource instances
2025-03-29 03:13:40.543 [com.nnroad.NNRoadApplication.main()] INFO  c.u.j.EncryptablePropertySourceConverter - [makeEncryptable,56] - Converting PropertySource configurationProperties [org.springframework.boot.context.properties.source.ConfigurationPropertySourcesPropertySource] to AOP Proxy
2025-03-29 03:13:40.545 [com.nnroad.NNRoadApplication.main()] INFO  c.u.j.EncryptablePropertySourceConverter - [makeEncryptable,56] - Converting PropertySource servletConfigInitParams [org.springframework.core.env.PropertySource$StubPropertySource] to EncryptablePropertySourceWrapper
2025-03-29 03:13:40.545 [com.nnroad.NNRoadApplication.main()] INFO  c.u.j.EncryptablePropertySourceConverter - [makeEncryptable,56] - Converting PropertySource servletContextInitParams [org.springframework.core.env.PropertySource$StubPropertySource] to EncryptablePropertySourceWrapper
2025-03-29 03:13:40.546 [com.nnroad.NNRoadApplication.main()] INFO  c.u.j.EncryptablePropertySourceConverter - [makeEncryptable,56] - Converting PropertySource systemProperties [org.springframework.core.env.PropertiesPropertySource] to EncryptableMapPropertySourceWrapper
2025-03-29 03:13:40.546 [com.nnroad.NNRoadApplication.main()] INFO  c.u.j.EncryptablePropertySourceConverter - [makeEncryptable,56] - Converting PropertySource systemEnvironment [org.springframework.boot.env.SystemEnvironmentPropertySourceEnvironmentPostProcessor$OriginAwareSystemEnvironmentPropertySource] to EncryptableSystemEnvironmentPropertySourceWrapper
2025-03-29 03:13:40.546 [com.nnroad.NNRoadApplication.main()] INFO  c.u.j.EncryptablePropertySourceConverter - [makeEncryptable,56] - Converting PropertySource random [org.springframework.boot.env.RandomValuePropertySource] to EncryptablePropertySourceWrapper
2025-03-29 03:13:40.546 [com.nnroad.NNRoadApplication.main()] INFO  c.u.j.EncryptablePropertySourceConverter - [makeEncryptable,56] - Converting PropertySource Config resource 'class path resource [application-dev.yml]' via location 'optional:classpath:/' [org.springframework.boot.env.OriginTrackedMapPropertySource] to EncryptableMapPropertySourceWrapper
2025-03-29 03:13:40.547 [com.nnroad.NNRoadApplication.main()] INFO  c.u.j.EncryptablePropertySourceConverter - [makeEncryptable,56] - Converting PropertySource Config resource 'class path resource [application.yml]' via location 'optional:classpath:/' [org.springframework.boot.env.OriginTrackedMapPropertySource] to EncryptableMapPropertySourceWrapper
2025-03-29 03:13:40.547 [com.nnroad.NNRoadApplication.main()] INFO  c.u.j.EncryptablePropertySourceConverter - [makeEncryptable,56] - Converting PropertySource class path resource [generator.yml] [org.springframework.core.io.support.ResourcePropertySource] to EncryptableMapPropertySourceWrapper
2025-03-29 03:13:40.759 [com.nnroad.NNRoadApplication.main()] INFO  c.u.j.f.DefaultLazyPropertyFilter - [lambda$null$2,31] - Property Filter custom Bean not found with name 'encryptablePropertyFilter'. Initializing Default Property Filter
2025-03-29 03:13:42.511 [com.nnroad.NNRoadApplication.main()] INFO  c.u.j.r.DefaultLazyPropertyResolver - [lambda$null$2,35] - Property Resolver custom Bean not found with name 'encryptablePropertyResolver'. Initializing Default Property Resolver
2025-03-29 03:13:42.528 [com.nnroad.NNRoadApplication.main()] INFO  c.u.j.d.DefaultLazyPropertyDetector - [lambda$null$2,35] - Property Detector custom Bean not found with name 'encryptablePropertyDetector'. Initializing Default Property Detector
2025-03-29 03:13:43.821 [com.nnroad.NNRoadApplication.main()] INFO  o.a.c.h.Http11NioProtocol - [log,173] - Initializing ProtocolHandler ["http-nio-8080"]
2025-03-29 03:13:43.822 [com.nnroad.NNRoadApplication.main()] INFO  o.a.c.c.StandardService - [log,173] - Starting service [Tomcat]
2025-03-29 03:13:43.823 [com.nnroad.NNRoadApplication.main()] INFO  o.a.c.c.StandardEngine - [log,173] - Starting Servlet engine: [Apache Tomcat/9.0.75]
2025-03-29 03:13:44.115 [com.nnroad.NNRoadApplication.main()] INFO  o.a.c.c.C.[.[.[/client] - [log,173] - Initializing Spring embedded WebApplicationContext
2025-03-29 03:13:48.199 [com.nnroad.NNRoadApplication.main()] INFO  c.a.d.p.DruidDataSource - [init,1002] - {dataSource-1} inited
2025-03-29 03:13:51.944 [com.nnroad.NNRoadApplication.main()] INFO  c.a.d.p.DruidDataSource - [close,2204] - {dataSource-1} closing ...
2025-03-29 03:13:51.985 [com.nnroad.NNRoadApplication.main()] INFO  c.a.d.p.DruidDataSource - [close,2277] - {dataSource-1} closed
2025-03-29 03:13:52.007 [com.nnroad.NNRoadApplication.main()] INFO  o.a.c.c.StandardService - [log,173] - Stopping service [Tomcat]
2025-03-29 03:15:16.440 [background-preinit] INFO  o.h.v.i.util.Version - [<clinit>,21] - HV000001: Hibernate Validator 6.2.5.Final
2025-03-29 03:15:16.454 [com.nnroad.NNRoadApplication.main()] INFO  c.n.NNRoadApplication - [logStarting,55] - Starting NNRoadApplication using Java 1.8.0_442 on 10-21-204-55.dynapool.wireless.nyu.edu with PID 4931 (/Users/guo/contract_backend/hronesh-admin/target/classes started by guo in /Users/guo/contract_backend/hronesh-admin)
2025-03-29 03:15:16.461 [com.nnroad.NNRoadApplication.main()] INFO  c.n.NNRoadApplication - [logStartupProfileInfo,686] - The following 1 profile is active: "dev"
2025-03-29 03:15:21.504 [com.nnroad.NNRoadApplication.main()] INFO  c.u.j.c.EnableEncryptablePropertiesBeanFactoryPostProcessor - [postProcessBeanFactory,39] - Post-processing PropertySource instances
2025-03-29 03:15:21.565 [com.nnroad.NNRoadApplication.main()] INFO  c.u.j.EncryptablePropertySourceConverter - [makeEncryptable,56] - Converting PropertySource configurationProperties [org.springframework.boot.context.properties.source.ConfigurationPropertySourcesPropertySource] to AOP Proxy
2025-03-29 03:15:21.567 [com.nnroad.NNRoadApplication.main()] INFO  c.u.j.EncryptablePropertySourceConverter - [makeEncryptable,56] - Converting PropertySource servletConfigInitParams [org.springframework.core.env.PropertySource$StubPropertySource] to EncryptablePropertySourceWrapper
2025-03-29 03:15:21.567 [com.nnroad.NNRoadApplication.main()] INFO  c.u.j.EncryptablePropertySourceConverter - [makeEncryptable,56] - Converting PropertySource servletContextInitParams [org.springframework.core.env.PropertySource$StubPropertySource] to EncryptablePropertySourceWrapper
2025-03-29 03:15:21.567 [com.nnroad.NNRoadApplication.main()] INFO  c.u.j.EncryptablePropertySourceConverter - [makeEncryptable,56] - Converting PropertySource systemProperties [org.springframework.core.env.PropertiesPropertySource] to EncryptableMapPropertySourceWrapper
2025-03-29 03:15:21.568 [com.nnroad.NNRoadApplication.main()] INFO  c.u.j.EncryptablePropertySourceConverter - [makeEncryptable,56] - Converting PropertySource systemEnvironment [org.springframework.boot.env.SystemEnvironmentPropertySourceEnvironmentPostProcessor$OriginAwareSystemEnvironmentPropertySource] to EncryptableSystemEnvironmentPropertySourceWrapper
2025-03-29 03:15:21.568 [com.nnroad.NNRoadApplication.main()] INFO  c.u.j.EncryptablePropertySourceConverter - [makeEncryptable,56] - Converting PropertySource random [org.springframework.boot.env.RandomValuePropertySource] to EncryptablePropertySourceWrapper
2025-03-29 03:15:21.568 [com.nnroad.NNRoadApplication.main()] INFO  c.u.j.EncryptablePropertySourceConverter - [makeEncryptable,56] - Converting PropertySource Config resource 'class path resource [application-dev.yml]' via location 'optional:classpath:/' [org.springframework.boot.env.OriginTrackedMapPropertySource] to EncryptableMapPropertySourceWrapper
2025-03-29 03:15:21.569 [com.nnroad.NNRoadApplication.main()] INFO  c.u.j.EncryptablePropertySourceConverter - [makeEncryptable,56] - Converting PropertySource Config resource 'class path resource [application.yml]' via location 'optional:classpath:/' [org.springframework.boot.env.OriginTrackedMapPropertySource] to EncryptableMapPropertySourceWrapper
2025-03-29 03:15:21.569 [com.nnroad.NNRoadApplication.main()] INFO  c.u.j.EncryptablePropertySourceConverter - [makeEncryptable,56] - Converting PropertySource class path resource [generator.yml] [org.springframework.core.io.support.ResourcePropertySource] to EncryptableMapPropertySourceWrapper
2025-03-29 03:15:21.772 [com.nnroad.NNRoadApplication.main()] INFO  c.u.j.f.DefaultLazyPropertyFilter - [lambda$null$2,31] - Property Filter custom Bean not found with name 'encryptablePropertyFilter'. Initializing Default Property Filter
2025-03-29 03:15:23.102 [com.nnroad.NNRoadApplication.main()] INFO  c.u.j.r.DefaultLazyPropertyResolver - [lambda$null$2,35] - Property Resolver custom Bean not found with name 'encryptablePropertyResolver'. Initializing Default Property Resolver
2025-03-29 03:15:23.112 [com.nnroad.NNRoadApplication.main()] INFO  c.u.j.d.DefaultLazyPropertyDetector - [lambda$null$2,35] - Property Detector custom Bean not found with name 'encryptablePropertyDetector'. Initializing Default Property Detector
2025-03-29 03:15:24.342 [com.nnroad.NNRoadApplication.main()] INFO  o.a.c.h.Http11NioProtocol - [log,173] - Initializing ProtocolHandler ["http-nio-8080"]
2025-03-29 03:15:24.346 [com.nnroad.NNRoadApplication.main()] INFO  o.a.c.c.StandardService - [log,173] - Starting service [Tomcat]
2025-03-29 03:15:24.346 [com.nnroad.NNRoadApplication.main()] INFO  o.a.c.c.StandardEngine - [log,173] - Starting Servlet engine: [Apache Tomcat/9.0.75]
2025-03-29 03:15:24.573 [com.nnroad.NNRoadApplication.main()] INFO  o.a.c.c.C.[.[.[/client] - [log,173] - Initializing Spring embedded WebApplicationContext
2025-03-29 03:15:28.850 [com.nnroad.NNRoadApplication.main()] INFO  c.a.d.p.DruidDataSource - [init,1002] - {dataSource-1} inited
2025-03-29 03:15:33.627 [com.nnroad.NNRoadApplication.main()] INFO  c.a.d.p.DruidDataSource - [close,2204] - {dataSource-1} closing ...
2025-03-29 03:15:33.663 [com.nnroad.NNRoadApplication.main()] INFO  c.a.d.p.DruidDataSource - [close,2277] - {dataSource-1} closed
2025-03-29 03:15:33.678 [com.nnroad.NNRoadApplication.main()] INFO  o.a.c.c.StandardService - [log,173] - Stopping service [Tomcat]
2025-03-29 08:11:28.917 [background-preinit] INFO  o.h.v.i.util.Version - [<clinit>,21] - HV000001: Hibernate Validator 6.2.5.Final
2025-03-29 08:11:28.928 [com.nnroad.NNRoadApplication.main()] INFO  c.n.NNRoadApplication - [logStarting,55] - Starting NNRoadApplication using Java 1.8.0_442 on 10-21-204-55.dynapool.wireless.nyu.edu with PID 68470 (/Users/guo/contract_backend/hronesh-admin/target/classes started by guo in /Users/guo/contract_backend/hronesh-admin)
2025-03-29 08:11:28.932 [com.nnroad.NNRoadApplication.main()] INFO  c.n.NNRoadApplication - [logStartupProfileInfo,686] - The following 1 profile is active: "dev"
2025-03-29 08:11:32.175 [com.nnroad.NNRoadApplication.main()] INFO  c.u.j.c.EnableEncryptablePropertiesBeanFactoryPostProcessor - [postProcessBeanFactory,39] - Post-processing PropertySource instances
2025-03-29 08:11:32.229 [com.nnroad.NNRoadApplication.main()] INFO  c.u.j.EncryptablePropertySourceConverter - [makeEncryptable,56] - Converting PropertySource configurationProperties [org.springframework.boot.context.properties.source.ConfigurationPropertySourcesPropertySource] to AOP Proxy
2025-03-29 08:11:32.232 [com.nnroad.NNRoadApplication.main()] INFO  c.u.j.EncryptablePropertySourceConverter - [makeEncryptable,56] - Converting PropertySource servletConfigInitParams [org.springframework.core.env.PropertySource$StubPropertySource] to EncryptablePropertySourceWrapper
2025-03-29 08:11:32.232 [com.nnroad.NNRoadApplication.main()] INFO  c.u.j.EncryptablePropertySourceConverter - [makeEncryptable,56] - Converting PropertySource servletContextInitParams [org.springframework.core.env.PropertySource$StubPropertySource] to EncryptablePropertySourceWrapper
2025-03-29 08:11:32.232 [com.nnroad.NNRoadApplication.main()] INFO  c.u.j.EncryptablePropertySourceConverter - [makeEncryptable,56] - Converting PropertySource systemProperties [org.springframework.core.env.PropertiesPropertySource] to EncryptableMapPropertySourceWrapper
2025-03-29 08:11:32.232 [com.nnroad.NNRoadApplication.main()] INFO  c.u.j.EncryptablePropertySourceConverter - [makeEncryptable,56] - Converting PropertySource systemEnvironment [org.springframework.boot.env.SystemEnvironmentPropertySourceEnvironmentPostProcessor$OriginAwareSystemEnvironmentPropertySource] to EncryptableSystemEnvironmentPropertySourceWrapper
2025-03-29 08:11:32.232 [com.nnroad.NNRoadApplication.main()] INFO  c.u.j.EncryptablePropertySourceConverter - [makeEncryptable,56] - Converting PropertySource random [org.springframework.boot.env.RandomValuePropertySource] to EncryptablePropertySourceWrapper
2025-03-29 08:11:32.232 [com.nnroad.NNRoadApplication.main()] INFO  c.u.j.EncryptablePropertySourceConverter - [makeEncryptable,56] - Converting PropertySource Config resource 'class path resource [application-dev.yml]' via location 'optional:classpath:/' [org.springframework.boot.env.OriginTrackedMapPropertySource] to EncryptableMapPropertySourceWrapper
2025-03-29 08:11:32.233 [com.nnroad.NNRoadApplication.main()] INFO  c.u.j.EncryptablePropertySourceConverter - [makeEncryptable,56] - Converting PropertySource Config resource 'class path resource [application.yml]' via location 'optional:classpath:/' [org.springframework.boot.env.OriginTrackedMapPropertySource] to EncryptableMapPropertySourceWrapper
2025-03-29 08:11:32.233 [com.nnroad.NNRoadApplication.main()] INFO  c.u.j.EncryptablePropertySourceConverter - [makeEncryptable,56] - Converting PropertySource class path resource [generator.yml] [org.springframework.core.io.support.ResourcePropertySource] to EncryptableMapPropertySourceWrapper
2025-03-29 08:11:32.354 [com.nnroad.NNRoadApplication.main()] INFO  c.u.j.f.DefaultLazyPropertyFilter - [lambda$null$2,31] - Property Filter custom Bean not found with name 'encryptablePropertyFilter'. Initializing Default Property Filter
2025-03-29 08:11:33.283 [com.nnroad.NNRoadApplication.main()] INFO  c.u.j.r.DefaultLazyPropertyResolver - [lambda$null$2,35] - Property Resolver custom Bean not found with name 'encryptablePropertyResolver'. Initializing Default Property Resolver
2025-03-29 08:11:33.291 [com.nnroad.NNRoadApplication.main()] INFO  c.u.j.d.DefaultLazyPropertyDetector - [lambda$null$2,35] - Property Detector custom Bean not found with name 'encryptablePropertyDetector'. Initializing Default Property Detector
2025-03-29 08:11:33.838 [com.nnroad.NNRoadApplication.main()] INFO  o.a.c.h.Http11NioProtocol - [log,173] - Initializing ProtocolHandler ["http-nio-8080"]
2025-03-29 08:11:33.839 [com.nnroad.NNRoadApplication.main()] INFO  o.a.c.c.StandardService - [log,173] - Starting service [Tomcat]
2025-03-29 08:11:33.839 [com.nnroad.NNRoadApplication.main()] INFO  o.a.c.c.StandardEngine - [log,173] - Starting Servlet engine: [Apache Tomcat/9.0.75]
2025-03-29 08:11:33.978 [com.nnroad.NNRoadApplication.main()] INFO  o.a.c.c.C.[.[.[/client] - [log,173] - Initializing Spring embedded WebApplicationContext
2025-03-29 08:11:36.021 [com.nnroad.NNRoadApplication.main()] INFO  c.a.d.p.DruidDataSource - [init,1002] - {dataSource-1} inited
2025-03-29 08:11:38.280 [com.nnroad.NNRoadApplication.main()] INFO  c.a.d.p.DruidDataSource - [close,2204] - {dataSource-1} closing ...
2025-03-29 08:11:38.308 [com.nnroad.NNRoadApplication.main()] INFO  c.a.d.p.DruidDataSource - [close,2277] - {dataSource-1} closed
2025-03-29 08:11:38.328 [com.nnroad.NNRoadApplication.main()] INFO  o.a.c.c.StandardService - [log,173] - Stopping service [Tomcat]
2025-03-29 08:12:56.102 [background-preinit] INFO  o.h.v.i.util.Version - [<clinit>,21] - HV000001: Hibernate Validator 6.2.5.Final
2025-03-29 08:12:56.110 [com.nnroad.NNRoadApplication.main()] INFO  c.n.NNRoadApplication - [logStarting,55] - Starting NNRoadApplication using Java 1.8.0_442 on 10-21-204-55.dynapool.wireless.nyu.edu with PID 70741 (/Users/guo/contract_backend/hronesh-admin/target/classes started by guo in /Users/guo/contract_backend/hronesh-admin)
2025-03-29 08:12:56.115 [com.nnroad.NNRoadApplication.main()] INFO  c.n.NNRoadApplication - [logStartupProfileInfo,686] - The following 1 profile is active: "dev"
2025-03-29 08:12:59.383 [com.nnroad.NNRoadApplication.main()] INFO  c.u.j.c.EnableEncryptablePropertiesBeanFactoryPostProcessor - [postProcessBeanFactory,39] - Post-processing PropertySource instances
2025-03-29 08:12:59.421 [com.nnroad.NNRoadApplication.main()] INFO  c.u.j.EncryptablePropertySourceConverter - [makeEncryptable,56] - Converting PropertySource configurationProperties [org.springframework.boot.context.properties.source.ConfigurationPropertySourcesPropertySource] to AOP Proxy
2025-03-29 08:12:59.422 [com.nnroad.NNRoadApplication.main()] INFO  c.u.j.EncryptablePropertySourceConverter - [makeEncryptable,56] - Converting PropertySource servletConfigInitParams [org.springframework.core.env.PropertySource$StubPropertySource] to EncryptablePropertySourceWrapper
2025-03-29 08:12:59.422 [com.nnroad.NNRoadApplication.main()] INFO  c.u.j.EncryptablePropertySourceConverter - [makeEncryptable,56] - Converting PropertySource servletContextInitParams [org.springframework.core.env.PropertySource$StubPropertySource] to EncryptablePropertySourceWrapper
2025-03-29 08:12:59.423 [com.nnroad.NNRoadApplication.main()] INFO  c.u.j.EncryptablePropertySourceConverter - [makeEncryptable,56] - Converting PropertySource systemProperties [org.springframework.core.env.PropertiesPropertySource] to EncryptableMapPropertySourceWrapper
2025-03-29 08:12:59.423 [com.nnroad.NNRoadApplication.main()] INFO  c.u.j.EncryptablePropertySourceConverter - [makeEncryptable,56] - Converting PropertySource systemEnvironment [org.springframework.boot.env.SystemEnvironmentPropertySourceEnvironmentPostProcessor$OriginAwareSystemEnvironmentPropertySource] to EncryptableSystemEnvironmentPropertySourceWrapper
2025-03-29 08:12:59.423 [com.nnroad.NNRoadApplication.main()] INFO  c.u.j.EncryptablePropertySourceConverter - [makeEncryptable,56] - Converting PropertySource random [org.springframework.boot.env.RandomValuePropertySource] to EncryptablePropertySourceWrapper
2025-03-29 08:12:59.423 [com.nnroad.NNRoadApplication.main()] INFO  c.u.j.EncryptablePropertySourceConverter - [makeEncryptable,56] - Converting PropertySource Config resource 'class path resource [application-dev.yml]' via location 'optional:classpath:/' [org.springframework.boot.env.OriginTrackedMapPropertySource] to EncryptableMapPropertySourceWrapper
2025-03-29 08:12:59.423 [com.nnroad.NNRoadApplication.main()] INFO  c.u.j.EncryptablePropertySourceConverter - [makeEncryptable,56] - Converting PropertySource Config resource 'class path resource [application.yml]' via location 'optional:classpath:/' [org.springframework.boot.env.OriginTrackedMapPropertySource] to EncryptableMapPropertySourceWrapper
2025-03-29 08:12:59.423 [com.nnroad.NNRoadApplication.main()] INFO  c.u.j.EncryptablePropertySourceConverter - [makeEncryptable,56] - Converting PropertySource class path resource [generator.yml] [org.springframework.core.io.support.ResourcePropertySource] to EncryptableMapPropertySourceWrapper
2025-03-29 08:12:59.553 [com.nnroad.NNRoadApplication.main()] INFO  c.u.j.f.DefaultLazyPropertyFilter - [lambda$null$2,31] - Property Filter custom Bean not found with name 'encryptablePropertyFilter'. Initializing Default Property Filter
2025-03-29 08:13:00.328 [com.nnroad.NNRoadApplication.main()] INFO  c.u.j.r.DefaultLazyPropertyResolver - [lambda$null$2,35] - Property Resolver custom Bean not found with name 'encryptablePropertyResolver'. Initializing Default Property Resolver
2025-03-29 08:13:00.333 [com.nnroad.NNRoadApplication.main()] INFO  c.u.j.d.DefaultLazyPropertyDetector - [lambda$null$2,35] - Property Detector custom Bean not found with name 'encryptablePropertyDetector'. Initializing Default Property Detector
2025-03-29 08:13:01.035 [com.nnroad.NNRoadApplication.main()] INFO  o.a.c.h.Http11NioProtocol - [log,173] - Initializing ProtocolHandler ["http-nio-8080"]
2025-03-29 08:13:01.036 [com.nnroad.NNRoadApplication.main()] INFO  o.a.c.c.StandardService - [log,173] - Starting service [Tomcat]
2025-03-29 08:13:01.036 [com.nnroad.NNRoadApplication.main()] INFO  o.a.c.c.StandardEngine - [log,173] - Starting Servlet engine: [Apache Tomcat/9.0.75]
2025-03-29 08:13:01.207 [com.nnroad.NNRoadApplication.main()] INFO  o.a.c.c.C.[.[.[/client] - [log,173] - Initializing Spring embedded WebApplicationContext
2025-03-29 08:13:03.347 [com.nnroad.NNRoadApplication.main()] INFO  c.a.d.p.DruidDataSource - [init,1002] - {dataSource-1} inited
2025-03-29 08:13:05.653 [com.nnroad.NNRoadApplication.main()] INFO  c.a.d.p.DruidDataSource - [close,2204] - {dataSource-1} closing ...
2025-03-29 08:13:05.676 [com.nnroad.NNRoadApplication.main()] INFO  c.a.d.p.DruidDataSource - [close,2277] - {dataSource-1} closed
2025-03-29 08:13:05.684 [com.nnroad.NNRoadApplication.main()] INFO  o.a.c.c.StandardService - [log,173] - Stopping service [Tomcat]
2025-03-29 09:26:51.853 [com.nnroad.NNRoadApplication.main()] INFO  c.n.NNRoadApplication - [logStarting,55] - Starting NNRoadApplication using Java 1.8.0_442 on 10-21-204-55.dynapool.wireless.nyu.edu with PID 86913 (/Users/guo/contract_backend/hronesh-admin/target/classes started by guo in /Users/guo/contract_backend/hronesh-admin)
2025-03-29 09:26:51.849 [background-preinit] INFO  o.h.v.i.util.Version - [<clinit>,21] - HV000001: Hibernate Validator 6.2.5.Final
2025-03-29 09:26:51.868 [com.nnroad.NNRoadApplication.main()] INFO  c.n.NNRoadApplication - [logStartupProfileInfo,686] - The following 1 profile is active: "dev"
2025-03-29 09:26:56.598 [com.nnroad.NNRoadApplication.main()] INFO  c.u.j.c.EnableEncryptablePropertiesBeanFactoryPostProcessor - [postProcessBeanFactory,39] - Post-processing PropertySource instances
2025-03-29 09:26:56.658 [com.nnroad.NNRoadApplication.main()] INFO  c.u.j.EncryptablePropertySourceConverter - [makeEncryptable,56] - Converting PropertySource configurationProperties [org.springframework.boot.context.properties.source.ConfigurationPropertySourcesPropertySource] to AOP Proxy
2025-03-29 09:26:56.660 [com.nnroad.NNRoadApplication.main()] INFO  c.u.j.EncryptablePropertySourceConverter - [makeEncryptable,56] - Converting PropertySource servletConfigInitParams [org.springframework.core.env.PropertySource$StubPropertySource] to EncryptablePropertySourceWrapper
2025-03-29 09:26:56.660 [com.nnroad.NNRoadApplication.main()] INFO  c.u.j.EncryptablePropertySourceConverter - [makeEncryptable,56] - Converting PropertySource servletContextInitParams [org.springframework.core.env.PropertySource$StubPropertySource] to EncryptablePropertySourceWrapper
2025-03-29 09:26:56.660 [com.nnroad.NNRoadApplication.main()] INFO  c.u.j.EncryptablePropertySourceConverter - [makeEncryptable,56] - Converting PropertySource systemProperties [org.springframework.core.env.PropertiesPropertySource] to EncryptableMapPropertySourceWrapper
2025-03-29 09:26:56.661 [com.nnroad.NNRoadApplication.main()] INFO  c.u.j.EncryptablePropertySourceConverter - [makeEncryptable,56] - Converting PropertySource systemEnvironment [org.springframework.boot.env.SystemEnvironmentPropertySourceEnvironmentPostProcessor$OriginAwareSystemEnvironmentPropertySource] to EncryptableSystemEnvironmentPropertySourceWrapper
2025-03-29 09:26:56.661 [com.nnroad.NNRoadApplication.main()] INFO  c.u.j.EncryptablePropertySourceConverter - [makeEncryptable,56] - Converting PropertySource random [org.springframework.boot.env.RandomValuePropertySource] to EncryptablePropertySourceWrapper
2025-03-29 09:26:56.661 [com.nnroad.NNRoadApplication.main()] INFO  c.u.j.EncryptablePropertySourceConverter - [makeEncryptable,56] - Converting PropertySource Config resource 'class path resource [application-dev.yml]' via location 'optional:classpath:/' [org.springframework.boot.env.OriginTrackedMapPropertySource] to EncryptableMapPropertySourceWrapper
2025-03-29 09:26:56.661 [com.nnroad.NNRoadApplication.main()] INFO  c.u.j.EncryptablePropertySourceConverter - [makeEncryptable,56] - Converting PropertySource Config resource 'class path resource [application.yml]' via location 'optional:classpath:/' [org.springframework.boot.env.OriginTrackedMapPropertySource] to EncryptableMapPropertySourceWrapper
2025-03-29 09:26:56.662 [com.nnroad.NNRoadApplication.main()] INFO  c.u.j.EncryptablePropertySourceConverter - [makeEncryptable,56] - Converting PropertySource class path resource [generator.yml] [org.springframework.core.io.support.ResourcePropertySource] to EncryptableMapPropertySourceWrapper
2025-03-29 09:26:56.901 [com.nnroad.NNRoadApplication.main()] INFO  c.u.j.f.DefaultLazyPropertyFilter - [lambda$null$2,31] - Property Filter custom Bean not found with name 'encryptablePropertyFilter'. Initializing Default Property Filter
2025-03-29 09:26:59.286 [com.nnroad.NNRoadApplication.main()] INFO  c.u.j.r.DefaultLazyPropertyResolver - [lambda$null$2,35] - Property Resolver custom Bean not found with name 'encryptablePropertyResolver'. Initializing Default Property Resolver
2025-03-29 09:26:59.301 [com.nnroad.NNRoadApplication.main()] INFO  c.u.j.d.DefaultLazyPropertyDetector - [lambda$null$2,35] - Property Detector custom Bean not found with name 'encryptablePropertyDetector'. Initializing Default Property Detector
2025-03-29 09:27:00.860 [com.nnroad.NNRoadApplication.main()] INFO  o.a.c.h.Http11NioProtocol - [log,173] - Initializing ProtocolHandler ["http-nio-8080"]
2025-03-29 09:27:00.863 [com.nnroad.NNRoadApplication.main()] INFO  o.a.c.c.StandardService - [log,173] - Starting service [Tomcat]
2025-03-29 09:27:00.863 [com.nnroad.NNRoadApplication.main()] INFO  o.a.c.c.StandardEngine - [log,173] - Starting Servlet engine: [Apache Tomcat/9.0.75]
2025-03-29 09:27:01.121 [com.nnroad.NNRoadApplication.main()] INFO  o.a.c.c.C.[.[.[/client] - [log,173] - Initializing Spring embedded WebApplicationContext
2025-03-29 09:27:06.159 [com.nnroad.NNRoadApplication.main()] INFO  c.a.d.p.DruidDataSource - [init,1002] - {dataSource-1} inited
2025-03-29 09:27:10.180 [com.nnroad.NNRoadApplication.main()] INFO  c.a.d.p.DruidDataSource - [close,2204] - {dataSource-1} closing ...
2025-03-29 09:27:10.226 [com.nnroad.NNRoadApplication.main()] INFO  c.a.d.p.DruidDataSource - [close,2277] - {dataSource-1} closed
2025-03-29 09:27:10.247 [com.nnroad.NNRoadApplication.main()] INFO  o.a.c.c.StandardService - [log,173] - Stopping service [Tomcat]
2025-03-29 11:28:51.516 [background-preinit] INFO  o.h.v.i.util.Version - [<clinit>,21] - HV000001: Hibernate Validator 6.2.5.Final
2025-03-29 11:28:51.534 [com.nnroad.NNRoadApplication.main()] INFO  c.n.NNRoadApplication - [logStarting,55] - Starting NNRoadApplication using Java 1.8.0_442 on 10-21-204-55.dynapool.wireless.nyu.edu with PID 67059 (/Users/guo/contract_backend/hronesh-admin/target/classes started by guo in /Users/guo/contract_backend/hronesh-admin)
2025-03-29 11:28:51.540 [com.nnroad.NNRoadApplication.main()] INFO  c.n.NNRoadApplication - [logStartupProfileInfo,686] - The following 1 profile is active: "dev"
2025-03-29 11:28:56.504 [com.nnroad.NNRoadApplication.main()] INFO  c.u.j.c.EnableEncryptablePropertiesBeanFactoryPostProcessor - [postProcessBeanFactory,39] - Post-processing PropertySource instances
2025-03-29 11:28:56.566 [com.nnroad.NNRoadApplication.main()] INFO  c.u.j.EncryptablePropertySourceConverter - [makeEncryptable,56] - Converting PropertySource configurationProperties [org.springframework.boot.context.properties.source.ConfigurationPropertySourcesPropertySource] to AOP Proxy
2025-03-29 11:28:56.568 [com.nnroad.NNRoadApplication.main()] INFO  c.u.j.EncryptablePropertySourceConverter - [makeEncryptable,56] - Converting PropertySource servletConfigInitParams [org.springframework.core.env.PropertySource$StubPropertySource] to EncryptablePropertySourceWrapper
2025-03-29 11:28:56.569 [com.nnroad.NNRoadApplication.main()] INFO  c.u.j.EncryptablePropertySourceConverter - [makeEncryptable,56] - Converting PropertySource servletContextInitParams [org.springframework.core.env.PropertySource$StubPropertySource] to EncryptablePropertySourceWrapper
2025-03-29 11:28:56.569 [com.nnroad.NNRoadApplication.main()] INFO  c.u.j.EncryptablePropertySourceConverter - [makeEncryptable,56] - Converting PropertySource systemProperties [org.springframework.core.env.PropertiesPropertySource] to EncryptableMapPropertySourceWrapper
2025-03-29 11:28:56.569 [com.nnroad.NNRoadApplication.main()] INFO  c.u.j.EncryptablePropertySourceConverter - [makeEncryptable,56] - Converting PropertySource systemEnvironment [org.springframework.boot.env.SystemEnvironmentPropertySourceEnvironmentPostProcessor$OriginAwareSystemEnvironmentPropertySource] to EncryptableSystemEnvironmentPropertySourceWrapper
2025-03-29 11:28:56.569 [com.nnroad.NNRoadApplication.main()] INFO  c.u.j.EncryptablePropertySourceConverter - [makeEncryptable,56] - Converting PropertySource random [org.springframework.boot.env.RandomValuePropertySource] to EncryptablePropertySourceWrapper
2025-03-29 11:28:56.569 [com.nnroad.NNRoadApplication.main()] INFO  c.u.j.EncryptablePropertySourceConverter - [makeEncryptable,56] - Converting PropertySource Config resource 'class path resource [application-dev.yml]' via location 'optional:classpath:/' [org.springframework.boot.env.OriginTrackedMapPropertySource] to EncryptableMapPropertySourceWrapper
2025-03-29 11:28:56.569 [com.nnroad.NNRoadApplication.main()] INFO  c.u.j.EncryptablePropertySourceConverter - [makeEncryptable,56] - Converting PropertySource Config resource 'class path resource [application.yml]' via location 'optional:classpath:/' [org.springframework.boot.env.OriginTrackedMapPropertySource] to EncryptableMapPropertySourceWrapper
2025-03-29 11:28:56.570 [com.nnroad.NNRoadApplication.main()] INFO  c.u.j.EncryptablePropertySourceConverter - [makeEncryptable,56] - Converting PropertySource class path resource [generator.yml] [org.springframework.core.io.support.ResourcePropertySource] to EncryptableMapPropertySourceWrapper
2025-03-29 11:28:56.757 [com.nnroad.NNRoadApplication.main()] INFO  c.u.j.f.DefaultLazyPropertyFilter - [lambda$null$2,31] - Property Filter custom Bean not found with name 'encryptablePropertyFilter'. Initializing Default Property Filter
2025-03-29 11:28:58.074 [com.nnroad.NNRoadApplication.main()] INFO  c.u.j.r.DefaultLazyPropertyResolver - [lambda$null$2,35] - Property Resolver custom Bean not found with name 'encryptablePropertyResolver'. Initializing Default Property Resolver
2025-03-29 11:28:58.084 [com.nnroad.NNRoadApplication.main()] INFO  c.u.j.d.DefaultLazyPropertyDetector - [lambda$null$2,35] - Property Detector custom Bean not found with name 'encryptablePropertyDetector'. Initializing Default Property Detector
2025-03-29 11:28:58.974 [com.nnroad.NNRoadApplication.main()] INFO  o.a.c.h.Http11NioProtocol - [log,173] - Initializing ProtocolHandler ["http-nio-8080"]
2025-03-29 11:28:58.975 [com.nnroad.NNRoadApplication.main()] INFO  o.a.c.c.StandardService - [log,173] - Starting service [Tomcat]
2025-03-29 11:28:58.976 [com.nnroad.NNRoadApplication.main()] INFO  o.a.c.c.StandardEngine - [log,173] - Starting Servlet engine: [Apache Tomcat/9.0.75]
2025-03-29 11:28:59.184 [com.nnroad.NNRoadApplication.main()] INFO  o.a.c.c.C.[.[.[/client] - [log,173] - Initializing Spring embedded WebApplicationContext
2025-03-29 11:29:02.823 [com.nnroad.NNRoadApplication.main()] INFO  c.a.d.p.DruidDataSource - [init,1002] - {dataSource-1} inited
2025-03-29 11:29:07.209 [com.nnroad.NNRoadApplication.main()] INFO  c.a.d.p.DruidDataSource - [close,2204] - {dataSource-1} closing ...
2025-03-29 11:29:07.243 [com.nnroad.NNRoadApplication.main()] INFO  c.a.d.p.DruidDataSource - [close,2277] - {dataSource-1} closed
2025-03-29 11:29:07.262 [com.nnroad.NNRoadApplication.main()] INFO  o.a.c.c.StandardService - [log,173] - Stopping service [Tomcat]
